spots read      : 46,636,384
reads read      : 93,272,768
reads written   : 93,272,768
spots read      : 63,277,880
reads read      : 126,555,760
reads written   : 126,555,760
spots read      : 65,435,335
reads read      : 130,870,670
reads written   : 130,870,670
spots read      : 54,963,066
reads read      : 109,926,132
reads written   : 109,926,132
spots read      : 55,846,875
reads read      : 111,693,750
reads written   : 111,693,750
spots read      : 64,564,883
reads read      : 129,129,766
reads written   : 129,129,766
spots read      : 101,214,220
reads read      : 202,428,440
reads written   : 202,428,440
spots read      : 100,295,735
reads read      : 200,591,470
reads written   : 200,591,470
spots read      : 100,667,430
reads read      : 201,334,860
reads written   : 201,334,860
