
2025-02-07T23:39:14 prefetch.2.11.0: 1) Downloading 'SRR801187'...
2025-02-07T23:39:14 prefetch.2.11.0:  Downloading via HTTPS...
2025-02-07T23:40:57 prefetch.2.11.0:  HTTPS download succeed
2025-02-07T23:41:06 prefetch.2.11.0:  'SRR801187' is valid
2025-02-07T23:41:06 prefetch.2.11.0: 1) 'SRR801187' was downloaded successfully
2025-02-07T23:41:06 prefetch.2.11.0: 'SRR801187' has 0 unresolved dependencies

2025-02-07T23:41:06 prefetch.2.11.0: 2) Downloading 'SRR801188'...
2025-02-07T23:41:06 prefetch.2.11.0:  Downloading via HTTPS...
2025-02-07T23:43:47 prefetch.2.11.0:  HTTPS download succeed
2025-02-07T23:44:01 prefetch.2.11.0:  'SRR801188' is valid
2025-02-07T23:44:01 prefetch.2.11.0: 2) 'SRR801188' was downloaded successfully
2025-02-07T23:44:01 prefetch.2.11.0: 'SRR801188' has 0 unresolved dependencies

2025-02-07T23:44:01 prefetch.2.11.0: 3) Downloading 'SRR801189'...
2025-02-07T23:44:01 prefetch.2.11.0:  Downloading via HTTPS...
2025-02-07T23:46:37 prefetch.2.11.0:  HTTPS download succeed
2025-02-07T23:46:50 prefetch.2.11.0:  'SRR801189' is valid
2025-02-07T23:46:50 prefetch.2.11.0: 3) 'SRR801189' was downloaded successfully
2025-02-07T23:46:50 prefetch.2.11.0: 'SRR801189' has 0 unresolved dependencies

2025-02-07T23:46:50 prefetch.2.11.0: 4) Downloading 'SRR801190'...
2025-02-07T23:46:50 prefetch.2.11.0:  Downloading via HTTPS...
2025-02-07T23:49:28 prefetch.2.11.0:  HTTPS download succeed
2025-02-07T23:49:40 prefetch.2.11.0:  'SRR801190' is valid
2025-02-07T23:49:40 prefetch.2.11.0: 4) 'SRR801190' was downloaded successfully
2025-02-07T23:49:40 prefetch.2.11.0: 'SRR801190' has 0 unresolved dependencies

2025-02-07T23:49:41 prefetch.2.11.0: 5) Downloading 'SRR801191'...
2025-02-07T23:49:41 prefetch.2.11.0:  Downloading via HTTPS...
2025-02-07T23:54:49 prefetch.2.11.0:  HTTPS download succeed
2025-02-07T23:55:10 prefetch.2.11.0:  'SRR801191' is valid
2025-02-07T23:55:10 prefetch.2.11.0: 5) 'SRR801191' was downloaded successfully
2025-02-07T23:55:10 prefetch.2.11.0: 'SRR801191' has 0 unresolved dependencies

2025-02-07T23:55:10 prefetch.2.11.0: 6) Downloading 'SRR801192'...
2025-02-07T23:55:10 prefetch.2.11.0:  Downloading via HTTPS...
2025-02-07T23:59:17 prefetch.2.11.0:  HTTPS download succeed
2025-02-07T23:59:40 prefetch.2.11.0:  'SRR801192' is valid
2025-02-07T23:59:40 prefetch.2.11.0: 6) 'SRR801192' was downloaded successfully
2025-02-07T23:59:40 prefetch.2.11.0: 'SRR801192' has 0 unresolved dependencies

2025-02-07T23:59:40 prefetch.2.11.0: 7) Downloading 'SRR801194'...
2025-02-07T23:59:40 prefetch.2.11.0:  Downloading via HTTPS...
2025-02-08T00:04:45 prefetch.2.11.0:  HTTPS download succeed
2025-02-08T00:05:06 prefetch.2.11.0:  'SRR801194' is valid
2025-02-08T00:05:06 prefetch.2.11.0: 7) 'SRR801194' was downloaded successfully
2025-02-08T00:05:06 prefetch.2.11.0: 'SRR801194' has 0 unresolved dependencies

2025-02-08T00:05:06 prefetch.2.11.0: 8) Downloading 'SRR801195'...
2025-02-08T00:05:06 prefetch.2.11.0:  Downloading via HTTPS...
2025-02-08T00:08:52 prefetch.2.11.0:  HTTPS download succeed
2025-02-08T00:09:02 prefetch.2.11.0:  'SRR801195' is valid
2025-02-08T00:09:02 prefetch.2.11.0: 8) 'SRR801195' was downloaded successfully
2025-02-08T00:09:02 prefetch.2.11.0: 'SRR801195' has 0 unresolved dependencies

2025-02-08T00:09:03 prefetch.2.11.0: 9) Downloading 'SRR801196'...
2025-02-08T00:09:03 prefetch.2.11.0:  Downloading via HTTPS...
2025-02-08T00:11:37 prefetch.2.11.0:  HTTPS download succeed
2025-02-08T00:11:47 prefetch.2.11.0:  'SRR801196' is valid
2025-02-08T00:11:47 prefetch.2.11.0: 9) 'SRR801196' was downloaded successfully
2025-02-08T00:11:47 prefetch.2.11.0: 'SRR801196' has 0 unresolved dependencies
All jobs completed!
